<?xml version="1.0" encoding="utf-8"?><testsuites name="pytest tests"><testsuite name="pytest" errors="0" failures="0" skipped="0" tests="11" time="2.561" timestamp="2026-07-21T13:08:53.254201+00:00" hostname="agent-env-526af9ac-4330-4aa9-9e4a-5569d0db6e93"><testcase classname="backend.tests.test_salary_slip_manual.TestSalarySlipGuards" name="test_future_year" time="0.624" /><testcase classname="backend.tests.test_salary_slip_manual.TestSalarySlipGuards" name="test_current_month" time="0.148" /><testcase classname="backend.tests.test_salary_slip_manual.TestSalarySlipGuards" name="test_year_before_2021" time="0.120" /><testcase classname="backend.tests.test_salary_slip_manual.TestSalarySlipAutoGen" name="test_milan_jun_2026" time="0.199" /><testcase classname="backend.tests.test_salary_slip_manual.TestSalarySlipNeedsManual" name="test_milan_pre_joining_2022_01" time="0.222" /><testcase classname="backend.tests.test_salary_slip_manual.TestSalarySlipManual" name="test_manual_success" time="0.147" /><testcase classname="backend.tests.test_salary_slip_manual.TestSalarySlipManual" name="test_manual_future_year" time="0.164" /><testcase classname="backend.tests.test_salary_slip_manual.TestSalarySlipManual" name="test_manual_pre_2021" time="0.112" /><testcase classname="backend.tests.test_salary_slip_manual.TestSalarySlipManual" name="test_manual_current_month" time="0.108" /><testcase classname="backend.tests.test_salary_slip_manual.TestRegression" name="test_offer_letter_generate" time="0.509" /><testcase classname="backend.tests.test_salary_slip_manual.TestRegression" name="test_sandwich_still_intact_milan_jul_2026" time="0.142" /></testsuite></testsuites>