<?xml version="1.0" encoding="utf-8"?><testsuites name="pytest tests"><testsuite name="pytest" errors="0" failures="0" skipped="0" tests="6" time="1.004" timestamp="2026-07-17T11:10:41.909208+00:00" hostname="agent-env-526af9ac-4330-4aa9-9e4a-5569d0db6e93"><testcase classname="backend.tests.test_salary_slip.TestSalarySlipMilan" name="test_milan_jul_2026_generation" time="0.435" /><testcase classname="backend.tests.test_salary_slip.TestSalarySlipChirag" name="test_chirag_jul_2026" time="0.108" /><testcase classname="backend.tests.test_salary_slip.TestSalarySlipRegression" name="test_missing_fields_returns_400" time="0.004" /><testcase classname="backend.tests.test_salary_slip.TestSalarySlipRegression" name="test_nonexistent_employee_returns_404" time="0.003" /><testcase classname="backend.tests.test_salary_slip.TestSalarySlipRegression" name="test_slip_persisted_in_documents" time="0.085" /><testcase classname="backend.tests.test_salary_slip.TestSalarySlipRegression" name="test_offer_letter_still_works" time="0.260" /></testsuite></testsuites>