<?xml version="1.0" encoding="utf-8"?><testsuites name="pytest tests"><testsuite name="pytest" errors="0" failures="0" skipped="0" tests="13" time="2.821" timestamp="2026-07-21T13:21:41.457830+00:00" hostname="agent-env-526af9ac-4330-4aa9-9e4a-5569d0db6e93"><testcase classname="backend.tests.test_salary_slip_manual.TestSalarySlipAutoGuards" name="test_before_mar_2026_feb" time="0.621" /><testcase classname="backend.tests.test_salary_slip_manual.TestSalarySlipAutoGuards" name="test_before_mar_2026_2025_dec" time="0.141" /><testcase classname="backend.tests.test_salary_slip_manual.TestSalarySlipAutoGuards" name="test_current_month_jul_2026" time="0.151" /><testcase classname="backend.tests.test_salary_slip_manual.TestSalarySlipAutoGuards" name="test_future_year" time="0.098" /><testcase classname="backend.tests.test_salary_slip_manual.TestSalarySlipAutoGen" name="test_milan_mar_2026" time="0.224" /><testcase classname="backend.tests.test_salary_slip_manual.TestSalarySlipAutoGen" name="test_milan_jun_2026" time="0.175" /><testcase classname="backend.tests.test_salary_slip_manual.TestSalarySlipAutoGen" name="test_sandwich_regression_jul_2026" time="0.176" /><testcase classname="backend.tests.test_salary_slip_manual.TestSalarySlipManual" name="test_manual_success_2019" time="0.155" /><testcase classname="backend.tests.test_salary_slip_manual.TestSalarySlipManual" name="test_manual_year_below_2000" time="0.121" /><testcase classname="backend.tests.test_salary_slip_manual.TestSalarySlipManual" name="test_manual_current_month" time="0.124" /><testcase classname="backend.tests.test_salary_slip_manual.TestSalarySlipManual" name="test_manual_future_year" time="0.119" /><testcase classname="backend.tests.test_salary_slip_manual.TestSalarySlipManual" name="test_manual_year_2015_allowed" time="0.184" /><testcase classname="backend.tests.test_salary_slip_manual.TestRegression" name="test_offer_letter_generate" time="0.464" /></testsuite></testsuites>