<?xml version="1.0" encoding="utf-8"?><testsuites name="pytest tests"><testsuite name="pytest" errors="0" failures="0" skipped="0" tests="8" time="1.878" timestamp="2026-07-09T12:39:46.747096+00:00" hostname="agent-env-526af9ac-4330-4aa9-9e4a-5569d0db6e93"><testcase classname="backend.tests.test_sandwich_strict" name="test_chirag_attendance_no_sandwich" time="0.519" /><testcase classname="backend.tests.test_sandwich_strict" name="test_chirag_salary_no_sandwich" time="0.174" /><testcase classname="backend.tests.test_sandwich_strict" name="test_milan_attendance_no_sandwich" time="0.131" /><testcase classname="backend.tests.test_sandwich_strict" name="test_milan_salary_no_sandwich" time="0.129" /><testcase classname="backend.tests.test_sandwich_strict" name="test_check_sandwich_fri_mon" time="0.495" /><testcase classname="backend.tests.test_sandwich_strict" name="test_check_sandwich_single_mon" time="0.137" /><testcase classname="backend.tests.test_sandwich_strict" name="test_check_sandwich_mon_fri_block" time="0.118" /><testcase classname="backend.tests.test_sandwich_strict" name="test_check_sandwich_holiday_flanked" time="0.117" /></testsuite></testsuites>