<?xml version="1.0" encoding="utf-8"?><testsuites name="pytest tests"><testsuite name="pytest" errors="0" failures="0" skipped="0" tests="18" time="2.614" timestamp="2026-07-09T12:55:44.606776+00:00" hostname="agent-env-526af9ac-4330-4aa9-9e4a-5569d0db6e93"><testcase classname="backend.tests.test_sandwich_hybrid" name="test_chain_triggers_sandwich[statuses0-False-Chirag [N,N,L]]" time="0.000" /><testcase classname="backend.tests.test_sandwich_hybrid" name="test_chain_triggers_sandwich[statuses1-True-Ex1 [L,N,N,L]]" time="0.000" /><testcase classname="backend.tests.test_sandwich_hybrid" name="test_chain_triggers_sandwich[statuses2-True-Ex2]" time="0.000" /><testcase classname="backend.tests.test_sandwich_hybrid" name="test_chain_triggers_sandwich[statuses3-True-Rule3 [N,N,L,N]]" time="0.000" /><testcase classname="backend.tests.test_sandwich_hybrid" name="test_chain_triggers_sandwich[statuses4-True-Milan]" time="0.000" /><testcase classname="backend.tests.test_sandwich_hybrid" name="test_chain_triggers_sandwich[statuses5-False-single block start]" time="0.000" /><testcase classname="backend.tests.test_sandwich_hybrid" name="test_chain_triggers_sandwich[statuses6-False-single block end]" time="0.000" /><testcase classname="backend.tests.test_sandwich_hybrid" name="test_chain_triggers_sandwich[statuses7-True-3 blocks]" time="0.000" /><testcase classname="backend.tests.test_sandwich_hybrid" name="test_chain_triggers_sandwich[statuses8-False-no leave]" time="0.000" /><testcase classname="backend.tests.test_sandwich_hybrid" name="test_chirag_no_sandwich_salary" time="0.553" /><testcase classname="backend.tests.test_sandwich_hybrid" name="test_milan_sandwich_salary" time="0.132" /><testcase classname="backend.tests.test_sandwich_hybrid" name="test_attendance_sandwich_dates" time="0.134" /><testcase classname="backend.tests.test_sandwich_hybrid" name="test_cs_fri_mon" time="0.483" /><testcase classname="backend.tests.test_sandwich_hybrid" name="test_cs_milan_mon_fri" time="0.122" /><testcase classname="backend.tests.test_sandwich_hybrid" name="test_cs_chirag_single_mon" time="0.120" /><testcase classname="backend.tests.test_sandwich_hybrid" name="test_cs_mon_tue" time="0.120" /><testcase classname="backend.tests.test_sandwich_hybrid" name="test_cs_thu_fri" time="0.123" /><testcase classname="backend.tests.test_sandwich_hybrid" name="test_cs_half_day" time="0.115" /></testsuite></testsuites>