<?xml version="1.0" encoding="utf-8"?><testsuites name="pytest tests"><testsuite name="pytest" errors="0" failures="0" skipped="1" tests="14" time="5.285" timestamp="2026-04-17T12:41:55.646954+00:00" hostname="agent-env-83bab8fc-e3ab-4a92-9b3c-699d5e87b7e5"><testcase classname="backend.tests.test_compensation_and_salary.TestAuthentication" name="test_admin_login" time="0.467" /><testcase classname="backend.tests.test_compensation_and_salary.TestAuthentication" name="test_employee_login" time="0.405" /><testcase classname="backend.tests.test_compensation_and_salary.TestWeekendApprovalsCompensation" name="test_get_pending_approvals" time="0.478" /><testcase classname="backend.tests.test_compensation_and_salary.TestWeekendApprovalsCompensation" name="test_get_approval_history" time="0.111" /><testcase classname="backend.tests.test_compensation_and_salary.TestWeekendApprovalsCompensation" name="test_approve_endpoint_accepts_compensation_fields" time="0.470" /><testcase classname="backend.tests.test_compensation_and_salary.TestWeekendApprovalsCompensation" name="test_update_compensation_endpoint" time="0.410" /><testcase classname="backend.tests.test_compensation_and_salary.TestWeekendApprovalsCompensation" name="test_update_compensation_rejects_pending" time="0.136"><skipped type="pytest.skip" message="No pending approvals available">/app/backend/tests/test_compensation_and_salary.py:207: No pending approvals available</skipped></testcase><testcase classname="backend.tests.test_compensation_and_salary.TestWeekendApprovalsCompensation" name="test_update_compensation_not_found" time="0.107" /><testcase classname="backend.tests.test_compensation_and_salary.TestSalaryOtherIncomeNotes" name="test_get_salary_data" time="0.144" /><testcase classname="backend.tests.test_compensation_and_salary.TestSalaryOtherIncomeNotes" name="test_save_salary_adjustment_with_notes" time="0.366" /><testcase classname="backend.tests.test_compensation_and_salary.TestSalaryOtherIncomeNotes" name="test_save_salary_adjustment_missing_fields" time="0.109" /><testcase classname="backend.tests.test_compensation_and_salary.TestWorkEntriesCompensation" name="test_work_entries_have_compensation_fields" time="0.490" /><testcase classname="backend.tests.test_compensation_and_salary.TestWorkEntriesCompensation" name="test_employee_work_entries" time="0.479" /><testcase classname="backend.tests.test_compensation_and_salary.TestCleanup" name="test_cleanup_test_adjustments" time="0.953" /></testsuite></testsuites>