<?xml version="1.0" encoding="utf-8"?><testsuites name="pytest tests"><testsuite name="pytest" errors="0" failures="0" skipped="0" tests="7" time="1.942" timestamp="2026-07-09T11:14:59.301267+00:00" hostname="agent-env-526af9ac-4330-4aa9-9e4a-5569d0db6e93"><testcase classname="backend.tests.test_sandwich_aggressive_rule.TestMilanSandwichJuly2026" name="test_attendance_sandwich_dates" time="0.597" /><testcase classname="backend.tests.test_sandwich_aggressive_rule.TestMilanSandwichJuly2026" name="test_salary_sandwich_days_and_cl" time="0.202" /><testcase classname="backend.tests.test_sandwich_aggressive_rule.TestMilanSandwichJuly2026" name="test_salary_totals_consistency" time="0.127" /><testcase classname="backend.tests.test_sandwich_aggressive_rule.TestCheckSandwich" name="test_mon_fri_full_week_aug_2026" time="0.496" /><testcase classname="backend.tests.test_sandwich_aggressive_rule.TestCheckSandwich" name="test_fri_mon_only" time="0.122" /><testcase classname="backend.tests.test_sandwich_aggressive_rule.TestCheckSandwich" name="test_single_half_day_no_sandwich" time="0.146" /><testcase classname="backend.tests.test_sandwich_aggressive_rule.TestCheckSandwich" name="test_single_full_day_mon_triggers_prev_weekend" time="0.189" /></testsuite></testsuites>