<?xml version="1.0" encoding="utf-8"?><testsuites name="pytest tests"><testsuite name="pytest" errors="0" failures="0" skipped="0" tests="13" time="2.640" timestamp="2026-04-02T10:28:31.050872+00:00" hostname="agent-env-83bab8fc-e3ab-4a92-9b3c-699d5e87b7e5"><testcase classname="tests.test_sandwich_and_attendance.TestAuth" name="test_employee_login" time="0.381" /><testcase classname="tests.test_sandwich_and_attendance.TestAuth" name="test_admin_login" time="0.328" /><testcase classname="tests.test_sandwich_and_attendance.TestAttendanceAndSalary" name="test_get_my_attendance" time="0.438" /><testcase classname="tests.test_sandwich_and_attendance.TestAttendanceAndSalary" name="test_get_my_salary" time="0.120" /><testcase classname="tests.test_sandwich_and_attendance.TestAttendanceAndSalary" name="test_get_late_mark_status" time="0.110" /><testcase classname="tests.test_sandwich_and_attendance.TestAttendanceAndSalary" name="test_get_late_coming" time="0.106" /><testcase classname="tests.test_sandwich_and_attendance.TestSandwichLeaveWarning" name="test_check_sandwich_endpoint_exists" time="0.429" /><testcase classname="tests.test_sandwich_and_attendance.TestSandwichLeaveWarning" name="test_sandwich_full_week_feb_2026" time="0.130" /><testcase classname="tests.test_sandwich_and_attendance.TestSandwichLeaveWarning" name="test_no_sandwich_single_day" time="0.127" /><testcase classname="tests.test_sandwich_and_attendance.TestSandwichLeaveWarning" name="test_no_sandwich_half_day" time="0.112" /><testcase classname="tests.test_sandwich_and_attendance.TestSandwichLeaveWarning" name="test_no_sandwich_fri_mon_only" time="0.114" /><testcase classname="tests.test_sandwich_and_attendance.TestSandwichLeaveWarning" name="test_leave_balance_endpoint" time="0.104" /><testcase classname="tests.test_sandwich_and_attendance.TestSandwichLeaveWarning" name="test_leave_applications_endpoint" time="0.093" /></testsuite></testsuites>