<?xml version="1.0" encoding="utf-8"?><testsuites name="pytest tests"><testsuite name="pytest" errors="0" failures="0" skipped="1" tests="11" time="6.557" timestamp="2026-04-23T11:00:22.567184+00:00" hostname="agent-env-96a43e2d-ef47-44f5-8bcd-0b2a7594b6b8"><testcase classname="backend.tests.test_new_features.TestAuth" name="test_admin_login" time="0.351" /><testcase classname="backend.tests.test_new_features.TestAuth" name="test_employee_login" time="0.331" /><testcase classname="backend.tests.test_new_features.TestEmailConfigCCEmailsProject" name="test_get_email_config_has_cc_emails_project" time="0.438" /><testcase classname="backend.tests.test_new_features.TestEmailConfigCCEmailsProject" name="test_put_email_config_saves_cc_emails_project" time="0.771" /><testcase classname="backend.tests.test_new_features.TestProjectNewFields" name="test_create_project_with_new_fields" time="0.537" /><testcase classname="backend.tests.test_new_features.TestProjectNewFields" name="test_update_project_with_new_fields" time="0.678" /><testcase classname="backend.tests.test_new_features.TestProjectNewFields" name="test_get_projects_returns_new_fields" time="0.745" /><testcase classname="backend.tests.test_new_features.TestProjectSendMail" name="test_send_mail_endpoint_exists" time="0.555" /><testcase classname="backend.tests.test_new_features.TestProjectSendMail" name="test_send_mail_invalid_project" time="0.444" /><testcase classname="backend.tests.test_new_features.TestWorkEntryEditBugFix" name="test_employee_cannot_edit_other_employee_entry" time="1.203" /><testcase classname="backend.tests.test_new_features.TestWorkEntryEditBugFix" name="test_employee_can_edit_own_entry" time="0.449"><skipped type="pytest.skip" message="No editable entries found for today/future">/app/backend/tests/test_new_features.py:380: No editable entries found for today/future</skipped></testcase></testsuite></testsuites>