<?xml version="1.0" encoding="utf-8"?><testsuites name="pytest tests"><testsuite name="pytest" errors="0" failures="0" skipped="0" tests="8" time="3.248" timestamp="2026-04-20T10:31:24.732586+00:00" hostname="agent-env-96a43e2d-ef47-44f5-8bcd-0b2a7594b6b8"><testcase classname="backend.tests.test_leave_balance.TestLeaveBalanceAPI" name="test_leave_balance_employee_1" time="0.435" /><testcase classname="backend.tests.test_leave_balance.TestLeaveBalanceAPI" name="test_leave_balance_nonexistent_employee" time="0.365" /><testcase classname="backend.tests.test_leave_balance.TestLeaveBalanceAPI" name="test_leave_balance_response_structure" time="0.367" /><testcase classname="backend.tests.test_leave_balance.TestLeaveBalanceAPI" name="test_leave_balance_available_pl_calculation" time="0.382" /><testcase classname="backend.tests.test_leave_balance.TestLeaveBalanceRegression" name="test_admin_attendance_april_2026" time="0.441" /><testcase classname="backend.tests.test_leave_balance.TestLeaveBalanceRegression" name="test_keval_sandwich_dates_march_2026" time="0.402" /><testcase classname="backend.tests.test_leave_balance.TestPendingLeaveApplications" name="test_get_pending_applications" time="0.375" /><testcase classname="backend.tests.test_leave_balance.TestPendingLeaveApplications" name="test_get_all_applications" time="0.417" /></testsuite></testsuites>