<?xml version="1.0" encoding="utf-8"?><testsuites name="pytest tests"><testsuite name="pytest" errors="0" failures="0" skipped="0" tests="19" time="10.910" timestamp="2026-04-02T13:00:39.291469+00:00" hostname="agent-env-83bab8fc-e3ab-4a92-9b3c-699d5e87b7e5"><testcase classname="backend.tests.test_documents.TestDocumentAPI" name="test_get_employees_list" time="0.679" /><testcase classname="backend.tests.test_documents.TestDocumentAPI" name="test_generate_offer_letter" time="0.699" /><testcase classname="backend.tests.test_documents.TestDocumentAPI" name="test_generate_appointment_letter" time="0.677" /><testcase classname="backend.tests.test_documents.TestDocumentAPI" name="test_generate_experience_letter" time="0.645" /><testcase classname="backend.tests.test_documents.TestDocumentAPI" name="test_generate_relieving_letter" time="0.666" /><testcase classname="backend.tests.test_documents.TestDocumentAPI" name="test_generate_internship_appointment_letter" time="0.614" /><testcase classname="backend.tests.test_documents.TestDocumentAPI" name="test_generate_internship_completion_letter" time="0.675" /><testcase classname="backend.tests.test_documents.TestDocumentAPI" name="test_generate_increment_letter" time="0.614" /><testcase classname="backend.tests.test_documents.TestDocumentAPI" name="test_get_employee_documents" time="0.461" /><testcase classname="backend.tests.test_documents.TestDocumentAPI" name="test_download_document" time="0.789" /><testcase classname="backend.tests.test_documents.TestDocumentAPI" name="test_delete_document" time="0.729" /><testcase classname="backend.tests.test_documents.TestDocumentAPI" name="test_generate_invalid_letter_type" time="0.424" /><testcase classname="backend.tests.test_documents.TestDocumentAPI" name="test_generate_missing_employee_id" time="0.477" /><testcase classname="backend.tests.test_documents.TestDocumentAPI" name="test_generate_nonexistent_employee" time="0.437" /><testcase classname="backend.tests.test_documents.TestDocumentAPI" name="test_download_nonexistent_document" time="0.480" /><testcase classname="backend.tests.test_documents.TestDocumentAPI" name="test_delete_nonexistent_document" time="0.473" /><testcase classname="backend.tests.test_documents.TestEmployeeDetailPage" name="test_get_employees_for_detail_page" time="0.391" /><testcase classname="backend.tests.test_documents.TestEmployeeDetailPage" name="test_get_departments" time="0.376" /><testcase classname="backend.tests.test_documents.TestEmployeeDetailPage" name="test_get_banks" time="0.404" /></testsuite></testsuites>