<?xml version="1.0" encoding="utf-8"?><testsuites name="pytest tests"><testsuite name="pytest" errors="0" failures="0" skipped="0" tests="20" time="4.049" timestamp="2026-05-21T11:40:33.769506+00:00" hostname="agent-env-3068502d-797a-4fe5-8158-cd840e634173"><testcase classname="backend.tests.test_clients_invoices.TestClients" name="test_01_list_clients_initial" time="0.659" /><testcase classname="backend.tests.test_clients_invoices.TestClients" name="test_02_create_client_with_extras" time="0.224" /><testcase classname="backend.tests.test_clients_invoices.TestClients" name="test_03_duplicate_client_name_rejected" time="0.117" /><testcase classname="backend.tests.test_clients_invoices.TestClients" name="test_04_update_client" time="0.153" /><testcase classname="backend.tests.test_clients_invoices.TestInvoices" name="test_01_next_number_export_pre_april" time="0.233" /><testcase classname="backend.tests.test_clients_invoices.TestInvoices" name="test_02_next_number_export_post_april" time="0.117" /><testcase classname="backend.tests.test_clients_invoices.TestInvoices" name="test_03_next_number_gst" time="0.113" /><testcase classname="backend.tests.test_clients_invoices.TestInvoices" name="test_04_create_export_invoice" time="0.207" /><testcase classname="backend.tests.test_clients_invoices.TestInvoices" name="test_05_auto_increment_export" time="0.105" /><testcase classname="backend.tests.test_clients_invoices.TestInvoices" name="test_06_create_gst_invoice" time="0.145" /><testcase classname="backend.tests.test_clients_invoices.TestInvoices" name="test_07_list_invoices_filter_export" time="0.113" /><testcase classname="backend.tests.test_clients_invoices.TestInvoices" name="test_08_get_invoice" time="0.111" /><testcase classname="backend.tests.test_clients_invoices.TestInvoices" name="test_09_pdf_download" time="0.185" /><testcase classname="backend.tests.test_clients_invoices.TestInvoices" name="test_10_pdf_gst" time="0.159" /><testcase classname="backend.tests.test_clients_invoices.TestInvoices" name="test_11_update_invoice" time="0.111" /><testcase classname="backend.tests.test_clients_invoices.TestInvoices" name="test_12_validation_missing_bank" time="0.108" /><testcase classname="backend.tests.test_clients_invoices.TestInvoices" name="test_13_validation_missing_client" time="0.102" /><testcase classname="backend.tests.test_clients_invoices.TestInvoices" name="test_14_validation_empty_items" time="0.122" /><testcase classname="backend.tests.test_clients_invoices.TestInvoices" name="test_15_delete_client_used_in_invoice" time="0.129" /><testcase classname="backend.tests.test_clients_invoices.TestInvoices" name="test_16_delete_invoices_then_client" time="0.630" /></testsuite></testsuites>