<?xml version="1.0" encoding="utf-8"?><testsuites name="pytest tests"><testsuite name="pytest" errors="0" failures="0" skipped="0" tests="6" time="3.110" timestamp="2026-03-26T12:21:38.176187+00:00" hostname="agent-env-fb40fb18-7dd7-4c42-9081-15181f408e93"><testcase classname="tests.test_team_leader_password.TestTeamLeaderAndPassword" name="test_01_get_employees_returns_plain_password" time="0.476" /><testcase classname="tests.test_team_leader_password.TestTeamLeaderAndPassword" name="test_02_get_employees_returns_team_leader_ids" time="0.387" /><testcase classname="tests.test_team_leader_password.TestTeamLeaderAndPassword" name="test_03_update_employee_team_leader_ids" time="0.494" /><testcase classname="tests.test_team_leader_password.TestTeamLeaderAndPassword" name="test_04_update_employee_password_saves_plain_password" time="0.740" /><testcase classname="tests.test_team_leader_password.TestTeamLeaderAndPassword" name="test_05_get_single_employee_returns_all_fields" time="0.448" /><testcase classname="tests.test_team_leader_password.TestTeamLeaderAndPassword" name="test_06_clear_team_leader_ids" time="0.466" /></testsuite></testsuites>