<?xml version="1.0" encoding="utf-8"?><testsuites name="pytest tests"><testsuite name="pytest" errors="0" failures="0" skipped="0" tests="11" time="5.790" timestamp="2026-04-17T13:15:56.418935+00:00" hostname="agent-env-96a43e2d-ef47-44f5-8bcd-0b2a7594b6b8"><testcase classname="backend.tests.test_weekend_approval_ot.TestAdminLogin" name="test_admin_login" time="0.491" /><testcase classname="backend.tests.test_weekend_approval_ot.TestAdminAttendanceAPI" name="test_employee1_april_day18_shows_ot_half" time="0.568" /><testcase classname="backend.tests.test_weekend_approval_ot.TestAdminAttendanceAPI" name="test_employee1_april_day25_shows_wo" time="0.541" /><testcase classname="backend.tests.test_weekend_approval_ot.TestAdminAttendanceAPI" name="test_employee33_march_day14_shows_ot_half" time="0.495" /><testcase classname="backend.tests.test_weekend_approval_ot.TestAdminSalaryAPI" name="test_employee1_april_ot_count_half" time="0.483" /><testcase classname="backend.tests.test_weekend_approval_ot.TestAdminSalaryAPI" name="test_employee33_march_ot_count_half" time="0.506" /><testcase classname="backend.tests.test_weekend_approval_ot.TestEmployeeAttendanceAPI" name="test_employee_my_attendance_endpoint_works" time="0.589" /><testcase classname="backend.tests.test_weekend_approval_ot.TestEmployeeSalaryAPI" name="test_employee_my_salary_endpoint_works" time="0.473" /><testcase classname="backend.tests.test_weekend_approval_ot.TestCompensationEntriesNotCountedAsOT" name="test_compensation_entries_excluded_from_ot" time="0.545" /><testcase classname="backend.tests.test_weekend_approval_ot.TestRegularOTThresholdStillWorks" name="test_regular_ot_threshold_works" time="0.489" /><testcase classname="backend.tests.test_weekend_approval_ot.TestFullDayOTThreshold" name="test_full_day_ot_threshold" time="0.489" /></testsuite></testsuites>